TN:gulp-coverage output
SF:/Users/jhorlin.dearmas/Projects/express-composer/lib/conductor.js
BRF:27
BRH:27
DA:1,-1
DA:2,-1
DA:3,-1
DA:4,-1
DA:5,-1
DA:6,-1
DA:7,-1
DA:8,-1
DA:9,-1
DA:10,-1
DA:11,-1
DA:12,-1
DA:13,-1
DA:14,1
DA:15,1
DA:16,1
DA:17,1
DA:18,1
DA:19,1
DA:20,1
DA:21,-1
DA:22,1
DA:23,-1
DA:24,1
DA:25,1
DA:26,1
DA:27,-1
DA:28,undefined
DA:29,-1
DA:30,-1
DA:31,-1
DA:32,-1
DA:33,-1
DA:34,-1
DA:35,-1
DA:36,-1
DA:37,-1
DA:38,-1
DA:39,306
DA:40,undefined
DA:41,-1
DA:42,-1
DA:43,-1
DA:44,-1
DA:45,-1
DA:46,-1
DA:47,-1
DA:48,-1
DA:49,-1
DA:50,-1
DA:51,-1
DA:52,-1
DA:53,-1
DA:54,1
DA:55,307
DA:56,307
DA:57,-1
DA:58,-1
DA:59,-1
LH:59
LF:59
end_of_record
SF:/Users/jhorlin.dearmas/Projects/express-composer/lib/application.js
BRF:66
BRH:66
DA:1,-1
DA:2,-1
DA:3,-1
DA:4,-1
DA:5,-1
DA:6,-1
DA:7,-1
DA:8,-1
DA:9,-1
DA:10,-1
DA:11,-1
DA:12,1
DA:13,1
DA:14,-1
DA:15,1
DA:16,1
DA:17,1
DA:18,1
DA:19,1
DA:20,-1
DA:21,-1
DA:22,-1
DA:23,-1
DA:24,-1
DA:25,-1
DA:26,-1
DA:27,-1
DA:28,-1
DA:29,-1
DA:30,-1
DA:31,-1
DA:32,-1
DA:33,-1
DA:34,-1
DA:35,-1
DA:36,-1
DA:37,-1
DA:38,-1
DA:39,-1
DA:40,-1
DA:41,-1
DA:42,-1
DA:43,-1
DA:44,-1
DA:45,-1
DA:46,-1
DA:47,-1
DA:48,-1
DA:49,-1
DA:50,-1
DA:51,-1
DA:52,-1
DA:53,-1
DA:54,-1
DA:55,-1
DA:56,-1
DA:57,1
DA:58,301
DA:59,301
DA:60,301
DA:61,-1
DA:62,301
DA:63,301
DA:64,1
DA:65,undefined
DA:66,-1
DA:67,-1
DA:68,-1
DA:69,1
DA:70,1
DA:71,undefined
DA:72,-1
DA:73,-1
DA:74,-1
DA:75,300
DA:76,-1
DA:77,-1
DA:78,300
DA:79,-1
DA:80,-1
DA:81,20
DA:82,undefined
DA:83,-1
DA:84,-1
DA:85,287
DA:86,287
DA:87,287
DA:88,287
DA:89,-1
DA:90,undefined
DA:91,-1
DA:92,-1
DA:93,12
DA:94,12
DA:95,12
DA:96,undefined
DA:97,12
DA:98,undefined
DA:99,undefined
DA:100,-1
DA:101,-1
DA:102,-1
DA:103,21
DA:104,undefined
DA:105,-1
DA:106,-1
DA:107,-1
DA:108,300
DA:109,undefined
DA:110,undefined
LH:110
LF:110
end_of_record
SF:/Users/jhorlin.dearmas/Projects/express-composer/lib/scopeProvider.js
BRF:156
BRH:156
DA:1,-1
DA:2,-1
DA:3,-1
DA:4,-1
DA:5,-1
DA:6,-1
DA:7,-1
DA:8,-1
DA:9,-1
DA:10,-1
DA:11,-1
DA:12,1
DA:13,1
DA:14,1
DA:15,1
DA:16,1
DA:17,-1
DA:18,1
DA:19,-1
DA:20,undefined
DA:21,-1
DA:22,-1
DA:23,-1
DA:24,-1
DA:25,-1
DA:26,-1
DA:27,-1
DA:28,1438
DA:29,1
DA:30,undefined
DA:31,1437
DA:32,1437
DA:33,undefined
DA:34,-1
DA:35,-1
DA:36,1437
DA:37,-1
DA:38,1437
DA:39,1233
DA:40,-1
DA:41,1233
DA:42,910
DA:43,undefined
DA:44,1233
DA:45,1233
DA:46,1233
DA:47,-1
DA:48,-1
DA:49,undefined
DA:50,-1
DA:51,-1
DA:52,1233
DA:53,undefined
DA:54,-1
DA:55,-1
DA:56,-1
DA:57,-1
DA:58,-1
DA:59,-1
DA:60,-1
DA:61,-1
DA:62,-1
DA:63,-1
DA:64,-1
DA:65,323
DA:66,-1
DA:67,-1
DA:68,-1
DA:69,-1
DA:70,-1
DA:71,-1
DA:72,323
DA:73,-1
DA:74,-1
DA:75,-1
DA:76,-1
DA:77,-1
DA:78,-1
DA:79,323
DA:80,4
DA:81,-1
DA:82,-1
DA:83,-1
DA:84,-1
DA:85,-1
DA:86,-1
DA:87,-1
DA:88,323
DA:89,4
DA:90,-1
DA:91,-1
DA:92,-1
DA:93,-1
DA:94,-1
DA:95,-1
DA:96,323
DA:97,3
DA:98,-1
DA:99,-1
DA:100,323
DA:101,3
DA:102,-1
DA:103,-1
DA:104,323
DA:105,3
DA:106,-1
DA:107,-1
DA:108,-1
DA:109,-1
DA:110,-1
DA:111,323
DA:112,-1
DA:113,-1
DA:114,-1
DA:115,-1
DA:116,-1
DA:117,-1
DA:118,323
DA:119,-1
DA:120,-1
DA:121,-1
DA:122,-1
DA:123,-1
DA:124,-1
DA:125,323
DA:126,-1
DA:127,-1
DA:128,-1
DA:129,323
DA:130,-1
DA:131,-1
DA:132,-1
DA:133,323
DA:134,-1
DA:135,-1
DA:136,undefined
DA:137,-1
DA:138,-1
DA:139,-1
DA:140,-1
DA:141,-1
DA:142,-1
DA:143,1
DA:144,923
DA:145,923
DA:146,923
DA:147,923
DA:148,923
DA:149,923
DA:150,923
DA:151,923
DA:152,-1
DA:153,923
DA:154,-1
DA:155,923
DA:156,13
DA:157,-1
DA:158,-1
DA:159,923
DA:160,5
DA:161,-1
DA:162,-1
DA:163,923
DA:164,10
DA:165,-1
DA:166,-1
DA:167,923
DA:168,38
DA:169,-1
DA:170,-1
DA:171,923
DA:172,6
DA:173,-1
DA:174,-1
DA:175,923
DA:176,undefined
DA:177,-1
DA:178,-1
DA:179,923
DA:180,-1
DA:181,-1
DA:182,-1
DA:183,923
DA:184,undefined
DA:185,-1
DA:186,-1
DA:187,923
DA:188,-1
DA:189,-1
DA:190,-1
DA:191,923
DA:192,-1
DA:193,-1
DA:194,-1
DA:195,923
DA:196,-1
DA:197,-1
DA:198,undefined
DA:199,923
DA:200,undefined
DA:201,923
DA:202,undefined
DA:203,-1
DA:204,-1
DA:205,323
DA:206,323
DA:207,1233
DA:208,-1
DA:209,-1
DA:210,323
DA:211,1428
DA:212,1428
DA:213,undefined
DA:214,-1
DA:215,-1
LH:215
LF:215
end_of_record
SF:/Users/jhorlin.dearmas/Projects/express-composer/lib/handler.js
BRF:145
BRH:145
DA:1,-1
DA:2,-1
DA:3,-1
DA:4,-1
DA:5,-1
DA:6,-1
DA:7,-1
DA:8,1
DA:9,1
DA:10,undefined
DA:11,1
DA:12,-1
DA:13,-1
DA:14,undefined
DA:15,-1
DA:16,-1
DA:17,1
DA:18,-1
DA:19,1
DA:20,undefined
DA:21,-1
DA:22,-1
DA:23,-1
DA:24,-1
DA:25,-1
DA:26,-1
DA:27,473
DA:28,473
DA:29,369
DA:30,-1
DA:31,369
DA:32,undefined
DA:33,1
DA:34,undefined
DA:35,382
DA:36,254
DA:37,undefined
DA:38,88
DA:39,undefined
DA:40,298
DA:41,11
DA:42,-1
DA:43,undefined
DA:44,-1
DA:45,284
DA:46,91
DA:47,undefined
DA:48,undefined
DA:49,undefined
DA:50,undefined
DA:51,75
DA:52,74
DA:53,undefined
DA:54,undefined
DA:55,-1
DA:56,undefined
DA:57,undefined
DA:58,-1
DA:59,-1
DA:60,-1
DA:61,-1
DA:62,-1
DA:63,-1
DA:64,76
DA:65,76
DA:66,76
DA:67,-1
DA:68,76
DA:69,undefined
DA:70,1
DA:71,undefined
DA:72,81
DA:73,65
DA:74,undefined
DA:75,16
DA:76,undefined
DA:77,79
DA:78,3
DA:79,-1
DA:80,undefined
DA:81,-1
DA:82,-1
DA:83,75
DA:84,2
DA:85,undefined
DA:86,undefined
DA:87,undefined
DA:88,-1
DA:89,undefined
DA:90,undefined
DA:91,-1
DA:92,-1
DA:93,-1
DA:94,-1
DA:95,-1
DA:96,-1
DA:97,8
DA:98,8
DA:99,8
DA:100,8
DA:101,8
DA:102,2
DA:103,2
DA:104,undefined
DA:105,8
DA:106,undefined
DA:107,-1
DA:108,undefined
DA:109,undefined
DA:110,-1
DA:111,-1
DA:112,-1
DA:113,-1
DA:114,-1
DA:115,-1
DA:116,36
DA:117,36
DA:118,36
DA:119,36
DA:120,36
DA:121,17
DA:122,17
DA:123,undefined
DA:124,36
DA:125,undefined
DA:126,-1
DA:127,undefined
DA:128,-1
DA:129,-1
DA:130,4
DA:131,4
DA:132,4
DA:133,4
DA:134,4
DA:135,1
DA:136,1
DA:137,undefined
DA:138,4
DA:139,undefined
DA:140,-1
DA:141,undefined
DA:142,undefined
DA:143,-1
LH:143
LF:143
end_of_record
SF:/Users/jhorlin.dearmas/Projects/express-composer/lib/schema.js
BRF:247
BRH:247
DA:1,-1
DA:2,-1
DA:3,-1
DA:4,1
DA:5,1
DA:6,-1
DA:7,1
DA:8,1
DA:9,undefined
DA:10,undefined
DA:11,-1
DA:12,1
DA:13,1
DA:14,1
DA:15,1
DA:16,1
DA:17,1
DA:18,-1
DA:19,1
DA:20,1
DA:21,1
DA:22,1
DA:23,-1
DA:24,undefined
DA:25,-1
DA:26,-1
DA:27,1
DA:28,1
DA:29,undefined
DA:30,-1
DA:31,-1
DA:32,1
DA:33,undefined
DA:34,-1
DA:35,-1
DA:36,-1
DA:37,-1
DA:38,-1
DA:39,-1
DA:40,-1
DA:41,-1
DA:42,-1
DA:43,-1
DA:44,-1
DA:45,1
DA:46,1
DA:47,1
DA:48,1
DA:49,1
DA:50,1
DA:51,1
DA:52,1
DA:53,1
DA:54,-1
DA:55,undefined
DA:56,-1
DA:57,-1
DA:58,-1
DA:59,-1
DA:60,-1
DA:61,-1
DA:62,1
DA:63,1
DA:64,1
DA:65,1
DA:66,-1
DA:67,undefined
DA:68,-1
DA:69,-1
DA:70,-1
DA:71,-1
DA:72,-1
DA:73,-1
DA:74,-1
DA:75,-1
DA:76,1
DA:77,1
DA:78,1
DA:79,1
DA:80,undefined
DA:81,1
DA:82,1
DA:83,1
DA:84,undefined
DA:85,1
DA:86,1
DA:87,1
DA:88,1
DA:89,undefined
DA:90,1
DA:91,1
DA:92,1
DA:93,undefined
DA:94,-1
DA:95,-1
DA:96,-1
DA:97,-1
DA:98,-1
DA:99,-1
DA:100,-1
DA:101,-1
DA:102,-1
DA:103,-1
DA:104,-1
DA:105,-1
DA:106,-1
DA:107,-1
DA:108,-1
DA:109,-1
DA:110,-1
DA:111,-1
DA:112,-1
DA:113,-1
DA:114,-1
DA:115,-1
DA:116,-1
DA:117,-1
DA:118,-1
DA:119,-1
DA:120,-1
DA:121,-1
DA:122,-1
DA:123,-1
DA:124,-1
DA:125,1
DA:126,26
DA:127,26
DA:128,-1
DA:129,1
DA:130,-1
DA:131,-1
DA:132,undefined
DA:133,-1
DA:134,-1
DA:135,-1
DA:136,-1
DA:137,-1
DA:138,-1
DA:139,-1
DA:140,-1
DA:141,-1
DA:142,1
DA:143,-1
DA:144,-1
DA:145,-1
DA:146,-1
DA:147,1
DA:148,1
DA:149,undefined
DA:150,-1
DA:151,1
DA:152,undefined
DA:153,undefined
DA:154,-1
DA:155,-1
DA:156,1
DA:157,1
DA:158,undefined
DA:159,-1
DA:160,undefined
DA:161,-1
DA:162,-1
DA:163,-1
DA:164,-1
DA:165,-1
DA:166,-1
DA:167,-1
DA:168,-1
DA:169,-1
DA:170,-1
DA:171,-1
DA:172,1
DA:173,1
DA:174,1
DA:175,1
DA:176,1
DA:177,1
DA:178,1
DA:179,1
DA:180,undefined
DA:181,1
DA:182,-1
DA:183,-1
DA:184,undefined
DA:185,1
DA:186,1
DA:187,1
DA:188,1
DA:189,undefined
DA:190,1
DA:191,1
DA:192,undefined
DA:193,1
DA:194,undefined
DA:195,-1
DA:196,1
DA:197,undefined
DA:198,undefined
DA:199,-1
DA:200,-1
DA:201,-1
DA:202,-1
DA:203,-1
DA:204,-1
DA:205,-1
DA:206,-1
DA:207,-1
DA:208,-1
DA:209,-1
DA:210,-1
DA:211,-1
DA:212,1
DA:213,1
DA:214,1
DA:215,1
DA:216,undefined
DA:217,1
DA:218,1
DA:219,1
DA:220,undefined
DA:221,1
DA:222,1
DA:223,1
DA:224,undefined
DA:225,1
DA:226,1
DA:227,1
DA:228,1
DA:229,undefined
DA:230,1
DA:231,1
DA:232,1
DA:233,undefined
DA:234,1
DA:235,1
DA:236,1
DA:237,undefined
DA:238,-1
DA:239,-1
DA:240,1
DA:241,1
DA:242,1
DA:243,undefined
DA:244,-1
DA:245,1
DA:246,1
DA:247,1
DA:248,undefined
DA:249,-1
DA:250,-1
DA:251,-1
DA:252,-1
DA:253,1
DA:254,undefined
DA:255,-1
LH:255
LF:255
end_of_record
SF:/Users/jhorlin.dearmas/Projects/express-composer/lib/router.js
BRF:64
BRH:64
DA:1,-1
DA:2,-1
DA:3,-1
DA:4,1
DA:5,1
DA:6,-1
DA:7,1
DA:8,1
DA:9,1
DA:10,-1
DA:11,1
DA:12,-1
DA:13,undefined
DA:14,-1
DA:15,-1
DA:16,-1
DA:17,-1
DA:18,-1
DA:19,-1
DA:20,-1
DA:21,-1
DA:22,-1
DA:23,-1
DA:24,-1
DA:25,-1
DA:26,-1
DA:27,-1
DA:28,-1
DA:29,-1
DA:30,-1
DA:31,-1
DA:32,-1
DA:33,-1
DA:34,-1
DA:35,-1
DA:36,-1
DA:37,1
DA:38,302
DA:39,302
DA:40,302
DA:41,1
DA:42,undefined
DA:43,301
DA:44,-1
DA:45,-1
DA:46,undefined
DA:47,301
DA:48,-1
DA:49,undefined
DA:50,-1
DA:51,31
DA:52,undefined
DA:53,-1
DA:54,-1
DA:55,-1
DA:56,285
DA:57,-1
DA:58,285
DA:59,285
DA:60,-1
DA:61,undefined
DA:62,-1
DA:63,-1
DA:64,-1
DA:65,12
DA:66,12
DA:67,-1
DA:68,undefined
DA:69,1
DA:70,undefined
DA:71,undefined
DA:72,1
DA:73,undefined
DA:74,10
DA:75,10
DA:76,10
DA:77,undefined
DA:78,undefined
DA:79,-1
DA:80,-1
DA:81,-1
DA:82,19
DA:83,undefined
DA:84,-1
DA:85,299
DA:86,undefined
DA:87,undefined
LH:87
LF:87
end_of_record
SF:/Users/jhorlin.dearmas/Projects/express-composer/lib/route.js
BRF:71
BRH:71
DA:1,-1
DA:2,-1
DA:3,-1
DA:4,1
DA:5,1
DA:6,undefined
DA:7,1
DA:8,1
DA:9,1
DA:10,-1
DA:11,1
DA:12,-1
DA:13,undefined
DA:14,-1
DA:15,-1
DA:16,-1
DA:17,-1
DA:18,-1
DA:19,-1
DA:20,-1
DA:21,-1
DA:22,-1
DA:23,-1
DA:24,-1
DA:25,-1
DA:26,-1
DA:27,-1
DA:28,-1
DA:29,-1
DA:30,-1
DA:31,-1
DA:32,-1
DA:33,-1
DA:34,-1
DA:35,1
DA:36,368
DA:37,368
DA:38,368
DA:39,1
DA:40,undefined
DA:41,-1
DA:42,367
DA:43,-1
DA:44,undefined
DA:45,367
DA:46,-1
DA:47,-1
DA:48,17
DA:49,undefined
DA:50,-1
DA:51,-1
DA:52,366
DA:53,441
DA:54,-1
DA:55,-1
DA:56,-1
DA:57,441
DA:58,-1
DA:59,441
DA:60,123
DA:61,undefined
DA:62,-1
DA:63,undefined
DA:64,-1
DA:65,48
DA:66,2
DA:67,undefined
DA:68,-1
DA:69,-1
DA:70,-1
DA:71,-1
DA:72,36
DA:73,undefined
DA:74,-1
DA:75,4
DA:76,undefined
DA:77,-1
DA:78,8
DA:79,undefined
DA:80,-1
DA:81,-1
DA:82,16
DA:83,undefined
DA:84,-1
DA:85,389
DA:86,undefined
DA:87,-1
DA:88,20
DA:89,undefined
DA:90,441
DA:91,undefined
DA:92,undefined
DA:93,-1
DA:94,-1
DA:95,16
DA:96,undefined
DA:97,-1
DA:98,367
DA:99,undefined
DA:100,undefined
DA:101,-1
LH:101
LF:101
end_of_record
SF:/Users/jhorlin.dearmas/Projects/express-composer/lib/composer.js
BRF:604
BRH:603
DA:1,-1
DA:2,-1
DA:3,-1
DA:4,1
DA:5,1
DA:6,1
DA:7,1
DA:8,1
DA:9,1
DA:10,1
DA:11,1
DA:12,-1
DA:13,-1
DA:14,-1
DA:15,-1
DA:16,-1
DA:17,1
DA:18,1
DA:19,-1
DA:20,-1
DA:21,1
DA:22,1
DA:23,-1
DA:24,-1
DA:25,-1
DA:26,-1
DA:27,-1
DA:28,1
DA:29,-1
DA:30,1
DA:31,76
DA:32,-1
DA:33,-1
DA:34,1
DA:35,72
DA:36,-1
DA:37,-1
DA:38,-1
DA:39,7
DA:40,-1
DA:41,-1
DA:42,-1
DA:43,-1
DA:44,-1
DA:45,7
DA:46,-1
DA:47,2
DA:48,undefined
DA:49,-1
DA:50,-1
DA:51,7
DA:52,7
DA:53,4
DA:54,4
DA:55,undefined
DA:56,-1
DA:57,4
DA:58,4
DA:59,undefined
DA:60,-1
DA:61,4
DA:62,4
DA:63,undefined
DA:64,-1
DA:65,4
DA:66,-1
DA:67,4
DA:68,undefined
DA:69,-1
DA:70,-1
DA:71,7
DA:72,-1
DA:73,7
DA:74,46
DA:75,1
DA:76,undefined
DA:77,45
DA:78,-1
DA:79,undefined
DA:80,1
DA:81,undefined
DA:82,44
DA:83,44
DA:84,undefined
DA:85,-1
DA:86,7
DA:87,49
DA:88,1
DA:89,undefined
DA:90,48
DA:91,-1
DA:92,undefined
DA:93,1
DA:94,undefined
DA:95,47
DA:96,undefined
DA:97,1
DA:98,undefined
DA:99,-1
DA:100,-1
DA:101,4
DA:102,-1
DA:103,undefined
DA:104,-1
DA:105,-1
DA:106,43
DA:107,-1
DA:108,undefined
DA:109,-1
DA:110,-1
DA:111,2
DA:112,-1
DA:113,undefined
DA:114,-1
DA:115,-1
DA:116,4
DA:117,-1
DA:118,undefined
DA:119,-1
DA:120,47
DA:121,undefined
DA:122,-1
DA:123,7
DA:124,48
DA:125,1
DA:126,undefined
DA:127,47
DA:128,-1
DA:129,undefined
DA:130,1
DA:131,undefined
DA:132,46
DA:133,undefined
DA:134,1
DA:135,undefined
DA:136,-1
DA:137,2
DA:138,-1
DA:139,undefined
DA:140,-1
DA:141,-1
DA:142,43
DA:143,-1
DA:144,undefined
DA:145,-1
DA:146,-1
DA:147,2
DA:148,-1
DA:149,undefined
DA:150,-1
DA:151,-1
DA:152,2
DA:153,-1
DA:154,undefined
DA:155,-1
DA:156,46
DA:157,undefined
DA:158,-1
DA:159,7
DA:160,46
DA:161,1
DA:162,undefined
DA:163,45
DA:164,-1
DA:165,undefined
DA:166,1
DA:167,undefined
DA:168,44
DA:169,undefined
DA:170,2
DA:171,-1
DA:172,undefined
DA:173,-1
DA:174,-1
DA:175,1
DA:176,undefined
DA:177,-1
DA:178,-1
DA:179,43
DA:180,43
DA:181,-1
DA:182,43
DA:183,2
DA:184,undefined
DA:185,-1
DA:186,undefined
DA:187,-1
DA:188,-1
DA:189,1
DA:190,undefined
DA:191,-1
DA:192,-1
DA:193,2
DA:194,-1
DA:195,undefined
DA:196,-1
DA:197,-1
DA:198,43
DA:199,-1
DA:200,undefined
DA:201,-1
DA:202,-1
DA:203,8
DA:204,1
DA:205,undefined
DA:206,-1
DA:207,-1
DA:208,-1
DA:209,8
DA:210,-1
DA:211,8
DA:212,undefined
DA:213,-1
DA:214,-1
DA:215,-1
DA:216,-1
DA:217,-1
DA:218,2
DA:219,-1
DA:220,undefined
DA:221,-1
DA:222,-1
DA:223,undefined
DA:224,-1
DA:225,-1
DA:226,-1
DA:227,3
DA:228,-1
DA:229,undefined
DA:230,-1
DA:231,44
DA:232,undefined
DA:233,-1
DA:234,7
DA:235,44
DA:236,44
DA:237,1
DA:238,undefined
DA:239,-1
DA:240,43
DA:241,43
DA:242,1
DA:243,undefined
DA:244,42
DA:245,undefined
DA:246,undefined
DA:247,-1
DA:248,-1
DA:249,7
DA:250,47
DA:251,47
DA:252,1
DA:253,undefined
DA:254,46
DA:255,-1
DA:256,undefined
DA:257,1
DA:258,undefined
DA:259,45
DA:260,-1
DA:261,45
DA:262,undefined
DA:263,1
DA:264,-1
DA:265,1
DA:266,-1
DA:267,undefined
DA:268,-1
DA:269,-1
DA:270,4
DA:271,undefined
DA:272,4
DA:273,4
DA:274,undefined
DA:275,-1
DA:276,-1
DA:277,-1
DA:278,41
DA:279,41
DA:280,41
DA:281,undefined
DA:282,-1
DA:283,-1
DA:284,-1
DA:285,2
DA:286,2
DA:287,2
DA:288,undefined
DA:289,-1
DA:290,-1
DA:291,-1
DA:292,-1
DA:293,4
DA:294,undefined
DA:295,4
DA:296,4
DA:297,undefined
DA:298,-1
DA:299,45
DA:300,45
DA:301,-1
DA:302,undefined
DA:303,-1
DA:304,-1
DA:305,7
DA:306,46
DA:307,46
DA:308,1
DA:309,undefined
DA:310,45
DA:311,-1
DA:312,-1
DA:313,undefined
DA:314,1
DA:315,undefined
DA:316,44
DA:317,undefined
DA:318,1
DA:319,1
DA:320,-1
DA:321,undefined
DA:322,-1
DA:323,-1
DA:324,2
DA:325,undefined
DA:326,2
DA:327,2
DA:328,undefined
DA:329,-1
DA:330,-1
DA:331,-1
DA:332,41
DA:333,undefined
DA:334,41
DA:335,41
DA:336,undefined
DA:337,-1
DA:338,-1
DA:339,-1
DA:340,2
DA:341,undefined
DA:342,2
DA:343,2
DA:344,undefined
DA:345,-1
DA:346,-1
DA:347,-1
DA:348,2
DA:349,undefined
DA:350,2
DA:351,2
DA:352,undefined
DA:353,-1
DA:354,44
DA:355,44
DA:356,-1
DA:357,undefined
DA:358,-1
DA:359,-1
DA:360,7
DA:361,44
DA:362,44
DA:363,1
DA:364,undefined
DA:365,43
DA:366,-1
DA:367,-1
DA:368,-1
DA:369,-1
DA:370,1
DA:371,undefined
DA:372,42
DA:373,-1
DA:374,-1
DA:375,1
DA:376,1
DA:377,-1
DA:378,undefined
DA:379,-1
DA:380,-1
DA:381,-1
DA:382,2
DA:383,undefined
DA:384,2
DA:385,2
DA:386,undefined
DA:387,-1
DA:388,-1
DA:389,41
DA:390,41
DA:391,-1
DA:392,41
DA:393,2
DA:394,undefined
DA:395,-1
DA:396,undefined
DA:397,-1
DA:398,-1
DA:399,1
DA:400,1
DA:401,-1
DA:402,undefined
DA:403,-1
DA:404,-1
DA:405,-1
DA:406,2
DA:407,undefined
DA:408,2
DA:409,2
DA:410,undefined
DA:411,-1
DA:412,-1
DA:413,-1
DA:414,41
DA:415,undefined
DA:416,41
DA:417,41
DA:418,undefined
DA:419,-1
DA:420,-1
DA:421,8
DA:422,1
DA:423,undefined
DA:424,-1
DA:425,-1
DA:426,-1
DA:427,8
DA:428,-1
DA:429,8
DA:430,-1
DA:431,8
DA:432,-1
DA:433,-1
DA:434,-1
DA:435,-1
DA:436,-1
DA:437,-1
DA:438,-1
DA:439,2
DA:440,undefined
DA:441,2
DA:442,2
DA:443,undefined
DA:444,-1
DA:445,-1
DA:446,undefined
DA:447,-1
DA:448,-1
DA:449,-1
DA:450,-1
DA:451,1
DA:452,undefined
DA:453,1
DA:454,1
DA:455,undefined
DA:456,-1
DA:457,42
DA:458,-1
DA:459,42
DA:460,-1
DA:461,undefined
DA:462,-1
DA:463,-1
DA:464,-1
DA:465,-1
DA:466,-1
DA:467,3
DA:468,undefined
DA:469,-1
DA:470,-1
DA:471,1
DA:472,1
DA:473,1
DA:474,undefined
DA:475,-1
DA:476,-1
LH:476
LF:476
end_of_record
