TN:gulp-coverage output
SF:/Users/jhorlin.dearmas/Projects/express-composer/lib/conductor.js
BRF:27
BRH:27
DA:1,-1
DA:2,-1
DA:3,-1
DA:4,-1
DA:5,-1
DA:6,-1
DA:7,-1
DA:8,-1
DA:9,-1
DA:10,-1
DA:11,-1
DA:12,-1
DA:13,-1
DA:14,1
DA:15,1
DA:16,1
DA:17,1
DA:18,1
DA:19,1
DA:20,1
DA:21,-1
DA:22,1
DA:23,-1
DA:24,1
DA:25,1
DA:26,1
DA:27,-1
DA:28,undefined
DA:29,-1
DA:30,-1
DA:31,-1
DA:32,-1
DA:33,-1
DA:34,-1
DA:35,-1
DA:36,-1
DA:37,-1
DA:38,-1
DA:39,290
DA:40,undefined
DA:41,-1
DA:42,-1
DA:43,-1
DA:44,-1
DA:45,-1
DA:46,-1
DA:47,-1
DA:48,-1
DA:49,-1
DA:50,-1
DA:51,-1
DA:52,-1
DA:53,-1
DA:54,1
DA:55,291
DA:56,291
DA:57,-1
DA:58,-1
DA:59,-1
LH:59
LF:59
end_of_record
SF:/Users/jhorlin.dearmas/Projects/express-composer/lib/application.js
BRF:66
BRH:66
DA:1,-1
DA:2,-1
DA:3,-1
DA:4,-1
DA:5,-1
DA:6,-1
DA:7,-1
DA:8,-1
DA:9,-1
DA:10,-1
DA:11,-1
DA:12,1
DA:13,1
DA:14,-1
DA:15,1
DA:16,1
DA:17,1
DA:18,1
DA:19,1
DA:20,-1
DA:21,-1
DA:22,-1
DA:23,-1
DA:24,-1
DA:25,-1
DA:26,-1
DA:27,-1
DA:28,-1
DA:29,-1
DA:30,-1
DA:31,-1
DA:32,-1
DA:33,-1
DA:34,-1
DA:35,-1
DA:36,-1
DA:37,-1
DA:38,-1
DA:39,-1
DA:40,-1
DA:41,-1
DA:42,-1
DA:43,-1
DA:44,-1
DA:45,-1
DA:46,-1
DA:47,-1
DA:48,-1
DA:49,-1
DA:50,-1
DA:51,-1
DA:52,-1
DA:53,-1
DA:54,-1
DA:55,-1
DA:56,-1
DA:57,1
DA:58,285
DA:59,285
DA:60,285
DA:61,-1
DA:62,285
DA:63,285
DA:64,1
DA:65,undefined
DA:66,-1
DA:67,-1
DA:68,-1
DA:69,1
DA:70,1
DA:71,undefined
DA:72,-1
DA:73,-1
DA:74,-1
DA:75,284
DA:76,-1
DA:77,-1
DA:78,284
DA:79,-1
DA:80,-1
DA:81,20
DA:82,undefined
DA:83,-1
DA:84,-1
DA:85,271
DA:86,271
DA:87,271
DA:88,271
DA:89,-1
DA:90,undefined
DA:91,-1
DA:92,-1
DA:93,12
DA:94,12
DA:95,12
DA:96,undefined
DA:97,12
DA:98,undefined
DA:99,undefined
DA:100,-1
DA:101,-1
DA:102,-1
DA:103,21
DA:104,undefined
DA:105,-1
DA:106,-1
DA:107,-1
DA:108,284
DA:109,undefined
DA:110,undefined
LH:110
LF:110
end_of_record
SF:/Users/jhorlin.dearmas/Projects/express-composer/lib/scopeProvider.js
BRF:124
BRH:124
DA:1,-1
DA:2,-1
DA:3,-1
DA:4,-1
DA:5,-1
DA:6,-1
DA:7,-1
DA:8,-1
DA:9,-1
DA:10,-1
DA:11,-1
DA:12,1
DA:13,1
DA:14,1
DA:15,1
DA:16,1
DA:17,-1
DA:18,1
DA:19,-1
DA:20,undefined
DA:21,-1
DA:22,-1
DA:23,-1
DA:24,-1
DA:25,-1
DA:26,-1
DA:27,-1
DA:28,1368
DA:29,1
DA:30,undefined
DA:31,1367
DA:32,1367
DA:33,undefined
DA:34,-1
DA:35,-1
DA:36,1367
DA:37,-1
DA:38,1367
DA:39,1163
DA:40,-1
DA:41,1163
DA:42,862
DA:43,undefined
DA:44,1163
DA:45,1163
DA:46,1163
DA:47,-1
DA:48,-1
DA:49,undefined
DA:50,-1
DA:51,-1
DA:52,1163
DA:53,undefined
DA:54,-1
DA:55,-1
DA:56,-1
DA:57,-1
DA:58,-1
DA:59,-1
DA:60,-1
DA:61,-1
DA:62,-1
DA:63,-1
DA:64,-1
DA:65,301
DA:66,-1
DA:67,-1
DA:68,-1
DA:69,-1
DA:70,301
DA:71,-1
DA:72,-1
DA:73,-1
DA:74,-1
DA:75,-1
DA:76,-1
DA:77,301
DA:78,6
DA:79,-1
DA:80,-1
DA:81,-1
DA:82,-1
DA:83,-1
DA:84,-1
DA:85,-1
DA:86,301
DA:87,4
DA:88,-1
DA:89,-1
DA:90,-1
DA:91,-1
DA:92,-1
DA:93,-1
DA:94,301
DA:95,3
DA:96,-1
DA:97,-1
DA:98,-1
DA:99,-1
DA:100,-1
DA:101,301
DA:102,-1
DA:103,-1
DA:104,-1
DA:105,-1
DA:106,-1
DA:107,-1
DA:108,301
DA:109,-1
DA:110,-1
DA:111,-1
DA:112,-1
DA:113,-1
DA:114,-1
DA:115,301
DA:116,-1
DA:117,-1
DA:118,295
DA:119,undefined
DA:120,-1
DA:121,undefined
DA:122,-1
DA:123,-1
DA:124,-1
DA:125,-1
DA:126,-1
DA:127,-1
DA:128,1
DA:129,871
DA:130,871
DA:131,871
DA:132,871
DA:133,871
DA:134,871
DA:135,-1
DA:136,871
DA:137,-1
DA:138,871
DA:139,11
DA:140,-1
DA:141,-1
DA:142,871
DA:143,5
DA:144,-1
DA:145,-1
DA:146,871
DA:147,34
DA:148,-1
DA:149,-1
DA:150,871
DA:151,undefined
DA:152,-1
DA:153,-1
DA:154,871
DA:155,-1
DA:156,-1
DA:157,-1
DA:158,871
DA:159,undefined
DA:160,-1
DA:161,583
DA:162,undefined
DA:163,undefined
DA:164,-1
DA:165,871
DA:166,-1
DA:167,-1
DA:168,undefined
DA:169,871
DA:170,undefined
DA:171,871
DA:172,undefined
DA:173,-1
DA:174,-1
DA:175,301
DA:176,301
DA:177,1163
DA:178,-1
DA:179,-1
DA:180,301
DA:181,1346
DA:182,1346
DA:183,undefined
DA:184,-1
DA:185,-1
LH:185
LF:185
end_of_record
SF:/Users/jhorlin.dearmas/Projects/express-composer/lib/handler.js
BRF:116
BRH:116
DA:1,-1
DA:2,-1
DA:3,-1
DA:4,-1
DA:5,-1
DA:6,-1
DA:7,-1
DA:8,1
DA:9,1
DA:10,undefined
DA:11,1
DA:12,-1
DA:13,-1
DA:14,undefined
DA:15,-1
DA:16,-1
DA:17,1
DA:18,-1
DA:19,1
DA:20,undefined
DA:21,-1
DA:22,-1
DA:23,-1
DA:24,-1
DA:25,-1
DA:26,-1
DA:27,457
DA:28,457
DA:29,357
DA:30,-1
DA:31,357
DA:32,undefined
DA:33,1
DA:34,undefined
DA:35,370
DA:36,242
DA:37,undefined
DA:38,88
DA:39,undefined
DA:40,286
DA:41,11
DA:42,-1
DA:43,undefined
DA:44,-1
DA:45,272
DA:46,91
DA:47,undefined
DA:48,undefined
DA:49,undefined
DA:50,undefined
DA:51,75
DA:52,74
DA:53,undefined
DA:54,undefined
DA:55,-1
DA:56,undefined
DA:57,undefined
DA:58,-1
DA:59,-1
DA:60,-1
DA:61,-1
DA:62,-1
DA:63,-1
DA:64,76
DA:65,76
DA:66,76
DA:67,-1
DA:68,76
DA:69,undefined
DA:70,1
DA:71,undefined
DA:72,81
DA:73,65
DA:74,undefined
DA:75,16
DA:76,undefined
DA:77,79
DA:78,3
DA:79,-1
DA:80,undefined
DA:81,-1
DA:82,-1
DA:83,75
DA:84,2
DA:85,undefined
DA:86,undefined
DA:87,undefined
DA:88,-1
DA:89,undefined
DA:90,undefined
DA:91,-1
DA:92,-1
DA:93,-1
DA:94,-1
DA:95,-1
DA:96,-1
DA:97,32
DA:98,32
DA:99,32
DA:100,32
DA:101,32
DA:102,16
DA:103,16
DA:104,undefined
DA:105,32
DA:106,undefined
DA:107,-1
DA:108,undefined
DA:109,undefined
DA:110,-1
LH:110
LF:110
end_of_record
SF:/Users/jhorlin.dearmas/Projects/express-composer/lib/schema.js
BRF:227
BRH:227
DA:1,-1
DA:2,-1
DA:3,-1
DA:4,1
DA:5,1
DA:6,-1
DA:7,1
DA:8,1
DA:9,undefined
DA:10,undefined
DA:11,-1
DA:12,1
DA:13,1
DA:14,undefined
DA:15,-1
DA:16,-1
DA:17,1
DA:18,1
DA:19,undefined
DA:20,-1
DA:21,-1
DA:22,1
DA:23,undefined
DA:24,-1
DA:25,-1
DA:26,-1
DA:27,-1
DA:28,-1
DA:29,-1
DA:30,-1
DA:31,-1
DA:32,-1
DA:33,-1
DA:34,-1
DA:35,1
DA:36,1
DA:37,1
DA:38,1
DA:39,1
DA:40,1
DA:41,1
DA:42,1
DA:43,1
DA:44,-1
DA:45,undefined
DA:46,-1
DA:47,-1
DA:48,-1
DA:49,-1
DA:50,-1
DA:51,-1
DA:52,1
DA:53,1
DA:54,1
DA:55,1
DA:56,-1
DA:57,undefined
DA:58,-1
DA:59,-1
DA:60,-1
DA:61,-1
DA:62,-1
DA:63,-1
DA:64,-1
DA:65,-1
DA:66,1
DA:67,1
DA:68,1
DA:69,1
DA:70,undefined
DA:71,1
DA:72,1
DA:73,1
DA:74,undefined
DA:75,1
DA:76,1
DA:77,1
DA:78,1
DA:79,undefined
DA:80,1
DA:81,1
DA:82,1
DA:83,undefined
DA:84,-1
DA:85,-1
DA:86,-1
DA:87,-1
DA:88,-1
DA:89,-1
DA:90,-1
DA:91,-1
DA:92,-1
DA:93,-1
DA:94,-1
DA:95,-1
DA:96,-1
DA:97,-1
DA:98,-1
DA:99,-1
DA:100,-1
DA:101,-1
DA:102,-1
DA:103,-1
DA:104,-1
DA:105,-1
DA:106,-1
DA:107,-1
DA:108,-1
DA:109,-1
DA:110,-1
DA:111,-1
DA:112,-1
DA:113,-1
DA:114,-1
DA:115,1
DA:116,26
DA:117,26
DA:118,-1
DA:119,1
DA:120,-1
DA:121,-1
DA:122,undefined
DA:123,-1
DA:124,-1
DA:125,-1
DA:126,-1
DA:127,-1
DA:128,-1
DA:129,-1
DA:130,-1
DA:131,-1
DA:132,1
DA:133,-1
DA:134,-1
DA:135,-1
DA:136,-1
DA:137,1
DA:138,1
DA:139,undefined
DA:140,-1
DA:141,1
DA:142,undefined
DA:143,undefined
DA:144,-1
DA:145,-1
DA:146,1
DA:147,1
DA:148,undefined
DA:149,undefined
DA:150,-1
DA:151,-1
DA:152,-1
DA:153,-1
DA:154,-1
DA:155,-1
DA:156,-1
DA:157,-1
DA:158,-1
DA:159,-1
DA:160,-1
DA:161,1
DA:162,1
DA:163,1
DA:164,1
DA:165,1
DA:166,1
DA:167,1
DA:168,1
DA:169,undefined
DA:170,1
DA:171,-1
DA:172,-1
DA:173,undefined
DA:174,1
DA:175,1
DA:176,1
DA:177,1
DA:178,undefined
DA:179,1
DA:180,1
DA:181,undefined
DA:182,1
DA:183,undefined
DA:184,-1
DA:185,1
DA:186,undefined
DA:187,undefined
DA:188,-1
DA:189,-1
DA:190,-1
DA:191,-1
DA:192,-1
DA:193,-1
DA:194,-1
DA:195,-1
DA:196,-1
DA:197,-1
DA:198,-1
DA:199,-1
DA:200,-1
DA:201,1
DA:202,1
DA:203,1
DA:204,1
DA:205,undefined
DA:206,1
DA:207,1
DA:208,1
DA:209,undefined
DA:210,1
DA:211,1
DA:212,1
DA:213,undefined
DA:214,1
DA:215,1
DA:216,1
DA:217,1
DA:218,undefined
DA:219,1
DA:220,1
DA:221,1
DA:222,undefined
DA:223,1
DA:224,1
DA:225,1
DA:226,undefined
DA:227,-1
DA:228,-1
DA:229,1
DA:230,1
DA:231,1
DA:232,undefined
DA:233,-1
DA:234,1
DA:235,1
DA:236,1
DA:237,undefined
DA:238,-1
DA:239,-1
DA:240,-1
DA:241,-1
DA:242,1
DA:243,undefined
DA:244,-1
LH:244
LF:244
end_of_record
SF:/Users/jhorlin.dearmas/Projects/express-composer/lib/router.js
BRF:64
BRH:64
DA:1,-1
DA:2,-1
DA:3,-1
DA:4,1
DA:5,1
DA:6,-1
DA:7,1
DA:8,1
DA:9,1
DA:10,-1
DA:11,1
DA:12,-1
DA:13,undefined
DA:14,-1
DA:15,-1
DA:16,-1
DA:17,-1
DA:18,-1
DA:19,-1
DA:20,-1
DA:21,-1
DA:22,-1
DA:23,-1
DA:24,-1
DA:25,-1
DA:26,-1
DA:27,-1
DA:28,-1
DA:29,-1
DA:30,-1
DA:31,-1
DA:32,-1
DA:33,-1
DA:34,-1
DA:35,-1
DA:36,-1
DA:37,1
DA:38,286
DA:39,286
DA:40,286
DA:41,1
DA:42,undefined
DA:43,285
DA:44,-1
DA:45,-1
DA:46,undefined
DA:47,285
DA:48,-1
DA:49,undefined
DA:50,-1
DA:51,31
DA:52,undefined
DA:53,-1
DA:54,-1
DA:55,-1
DA:56,269
DA:57,-1
DA:58,269
DA:59,269
DA:60,-1
DA:61,undefined
DA:62,-1
DA:63,-1
DA:64,-1
DA:65,12
DA:66,12
DA:67,-1
DA:68,undefined
DA:69,1
DA:70,undefined
DA:71,undefined
DA:72,1
DA:73,undefined
DA:74,10
DA:75,10
DA:76,10
DA:77,undefined
DA:78,undefined
DA:79,-1
DA:80,-1
DA:81,-1
DA:82,19
DA:83,undefined
DA:84,-1
DA:85,283
DA:86,undefined
DA:87,undefined
LH:87
LF:87
end_of_record
SF:/Users/jhorlin.dearmas/Projects/express-composer/lib/route.js
BRF:61
BRH:61
DA:1,-1
DA:2,-1
DA:3,-1
DA:4,1
DA:5,1
DA:6,undefined
DA:7,1
DA:8,1
DA:9,1
DA:10,-1
DA:11,1
DA:12,-1
DA:13,undefined
DA:14,-1
DA:15,-1
DA:16,-1
DA:17,-1
DA:18,-1
DA:19,-1
DA:20,-1
DA:21,-1
DA:22,-1
DA:23,-1
DA:24,-1
DA:25,-1
DA:26,-1
DA:27,-1
DA:28,-1
DA:29,-1
DA:30,-1
DA:31,-1
DA:32,-1
DA:33,-1
DA:34,-1
DA:35,1
DA:36,352
DA:37,352
DA:38,352
DA:39,1
DA:40,undefined
DA:41,-1
DA:42,351
DA:43,-1
DA:44,undefined
DA:45,351
DA:46,-1
DA:47,-1
DA:48,17
DA:49,undefined
DA:50,-1
DA:51,-1
DA:52,350
DA:53,425
DA:54,-1
DA:55,-1
DA:56,-1
DA:57,425
DA:58,-1
DA:59,425
DA:60,123
DA:61,undefined
DA:62,-1
DA:63,undefined
DA:64,-1
DA:65,16
DA:66,undefined
DA:67,-1
DA:68,32
DA:69,undefined
DA:70,-1
DA:71,373
DA:72,undefined
DA:73,-1
DA:74,20
DA:75,undefined
DA:76,425
DA:77,undefined
DA:78,undefined
DA:79,-1
DA:80,-1
DA:81,16
DA:82,undefined
DA:83,-1
DA:84,351
DA:85,undefined
DA:86,undefined
DA:87,-1
LH:87
LF:87
end_of_record
SF:/Users/jhorlin.dearmas/Projects/express-composer/lib/composer.js
BRF:588
BRH:587
DA:1,-1
DA:2,-1
DA:3,-1
DA:4,1
DA:5,1
DA:6,1
DA:7,1
DA:8,1
DA:9,1
DA:10,1
DA:11,1
DA:12,-1
DA:13,-1
DA:14,-1
DA:15,-1
DA:16,-1
DA:17,1
DA:18,1
DA:19,-1
DA:20,-1
DA:21,1
DA:22,1
DA:23,-1
DA:24,-1
DA:25,-1
DA:26,-1
DA:27,-1
DA:28,1
DA:29,-1
DA:30,1
DA:31,68
DA:32,-1
DA:33,-1
DA:34,1
DA:35,64
DA:36,-1
DA:37,-1
DA:38,-1
DA:39,7
DA:40,-1
DA:41,-1
DA:42,-1
DA:43,-1
DA:44,-1
DA:45,7
DA:46,-1
DA:47,2
DA:48,undefined
DA:49,-1
DA:50,-1
DA:51,7
DA:52,7
DA:53,4
DA:54,4
DA:55,undefined
DA:56,-1
DA:57,4
DA:58,4
DA:59,undefined
DA:60,-1
DA:61,4
DA:62,4
DA:63,undefined
DA:64,-1
DA:65,4
DA:66,-1
DA:67,4
DA:68,undefined
DA:69,-1
DA:70,-1
DA:71,7
DA:72,-1
DA:73,7
DA:74,42
DA:75,1
DA:76,undefined
DA:77,41
DA:78,-1
DA:79,undefined
DA:80,1
DA:81,undefined
DA:82,40
DA:83,40
DA:84,undefined
DA:85,-1
DA:86,7
DA:87,45
DA:88,1
DA:89,undefined
DA:90,44
DA:91,-1
DA:92,undefined
DA:93,1
DA:94,undefined
DA:95,43
DA:96,undefined
DA:97,1
DA:98,undefined
DA:99,-1
DA:100,-1
DA:101,4
DA:102,-1
DA:103,undefined
DA:104,-1
DA:105,-1
DA:106,39
DA:107,-1
DA:108,undefined
DA:109,-1
DA:110,-1
DA:111,2
DA:112,-1
DA:113,undefined
DA:114,-1
DA:115,-1
DA:116,4
DA:117,-1
DA:118,undefined
DA:119,-1
DA:120,43
DA:121,undefined
DA:122,-1
DA:123,7
DA:124,44
DA:125,1
DA:126,undefined
DA:127,43
DA:128,-1
DA:129,undefined
DA:130,1
DA:131,undefined
DA:132,42
DA:133,undefined
DA:134,1
DA:135,undefined
DA:136,-1
DA:137,2
DA:138,-1
DA:139,undefined
DA:140,-1
DA:141,-1
DA:142,39
DA:143,-1
DA:144,undefined
DA:145,-1
DA:146,-1
DA:147,2
DA:148,-1
DA:149,undefined
DA:150,-1
DA:151,-1
DA:152,2
DA:153,-1
DA:154,undefined
DA:155,-1
DA:156,42
DA:157,undefined
DA:158,-1
DA:159,7
DA:160,42
DA:161,1
DA:162,undefined
DA:163,41
DA:164,-1
DA:165,undefined
DA:166,1
DA:167,undefined
DA:168,40
DA:169,undefined
DA:170,2
DA:171,-1
DA:172,undefined
DA:173,-1
DA:174,-1
DA:175,1
DA:176,undefined
DA:177,-1
DA:178,-1
DA:179,39
DA:180,39
DA:181,-1
DA:182,39
DA:183,2
DA:184,undefined
DA:185,-1
DA:186,undefined
DA:187,-1
DA:188,-1
DA:189,1
DA:190,undefined
DA:191,-1
DA:192,-1
DA:193,2
DA:194,-1
DA:195,undefined
DA:196,-1
DA:197,-1
DA:198,39
DA:199,-1
DA:200,undefined
DA:201,-1
DA:202,-1
DA:203,4
DA:204,undefined
DA:205,-1
DA:206,-1
DA:207,2
DA:208,-1
DA:209,undefined
DA:210,-1
DA:211,-1
DA:212,undefined
DA:213,-1
DA:214,-1
DA:215,-1
DA:216,3
DA:217,-1
DA:218,undefined
DA:219,-1
DA:220,40
DA:221,undefined
DA:222,-1
DA:223,7
DA:224,40
DA:225,40
DA:226,1
DA:227,undefined
DA:228,-1
DA:229,39
DA:230,39
DA:231,1
DA:232,undefined
DA:233,38
DA:234,undefined
DA:235,undefined
DA:236,-1
DA:237,-1
DA:238,7
DA:239,43
DA:240,43
DA:241,1
DA:242,undefined
DA:243,42
DA:244,-1
DA:245,undefined
DA:246,1
DA:247,undefined
DA:248,41
DA:249,-1
DA:250,41
DA:251,undefined
DA:252,1
DA:253,-1
DA:254,1
DA:255,-1
DA:256,undefined
DA:257,-1
DA:258,-1
DA:259,4
DA:260,undefined
DA:261,4
DA:262,4
DA:263,undefined
DA:264,-1
DA:265,-1
DA:266,-1
DA:267,37
DA:268,37
DA:269,37
DA:270,undefined
DA:271,-1
DA:272,-1
DA:273,-1
DA:274,2
DA:275,2
DA:276,2
DA:277,undefined
DA:278,-1
DA:279,-1
DA:280,-1
DA:281,-1
DA:282,4
DA:283,undefined
DA:284,4
DA:285,4
DA:286,undefined
DA:287,-1
DA:288,41
DA:289,41
DA:290,-1
DA:291,undefined
DA:292,-1
DA:293,-1
DA:294,7
DA:295,42
DA:296,42
DA:297,1
DA:298,undefined
DA:299,41
DA:300,-1
DA:301,-1
DA:302,undefined
DA:303,1
DA:304,undefined
DA:305,40
DA:306,undefined
DA:307,1
DA:308,1
DA:309,-1
DA:310,undefined
DA:311,-1
DA:312,-1
DA:313,2
DA:314,undefined
DA:315,2
DA:316,2
DA:317,undefined
DA:318,-1
DA:319,-1
DA:320,-1
DA:321,37
DA:322,undefined
DA:323,37
DA:324,37
DA:325,undefined
DA:326,-1
DA:327,-1
DA:328,-1
DA:329,2
DA:330,undefined
DA:331,2
DA:332,2
DA:333,undefined
DA:334,-1
DA:335,-1
DA:336,-1
DA:337,2
DA:338,undefined
DA:339,2
DA:340,2
DA:341,undefined
DA:342,-1
DA:343,40
DA:344,40
DA:345,-1
DA:346,undefined
DA:347,-1
DA:348,-1
DA:349,7
DA:350,40
DA:351,40
DA:352,1
DA:353,undefined
DA:354,39
DA:355,-1
DA:356,-1
DA:357,-1
DA:358,-1
DA:359,1
DA:360,undefined
DA:361,38
DA:362,-1
DA:363,-1
DA:364,1
DA:365,1
DA:366,-1
DA:367,undefined
DA:368,-1
DA:369,-1
DA:370,-1
DA:371,2
DA:372,undefined
DA:373,2
DA:374,2
DA:375,undefined
DA:376,-1
DA:377,-1
DA:378,37
DA:379,37
DA:380,-1
DA:381,37
DA:382,2
DA:383,undefined
DA:384,-1
DA:385,undefined
DA:386,-1
DA:387,-1
DA:388,1
DA:389,1
DA:390,-1
DA:391,undefined
DA:392,-1
DA:393,-1
DA:394,-1
DA:395,2
DA:396,undefined
DA:397,2
DA:398,2
DA:399,undefined
DA:400,-1
DA:401,-1
DA:402,-1
DA:403,37
DA:404,undefined
DA:405,37
DA:406,37
DA:407,undefined
DA:408,-1
DA:409,-1
DA:410,4
DA:411,4
DA:412,-1
DA:413,undefined
DA:414,-1
DA:415,-1
DA:416,-1
DA:417,2
DA:418,undefined
DA:419,2
DA:420,2
DA:421,undefined
DA:422,-1
DA:423,-1
DA:424,undefined
DA:425,-1
DA:426,-1
DA:427,-1
DA:428,-1
DA:429,-1
DA:430,1
DA:431,undefined
DA:432,1
DA:433,1
DA:434,undefined
DA:435,-1
DA:436,38
DA:437,-1
DA:438,38
DA:439,-1
DA:440,undefined
DA:441,-1
DA:442,-1
DA:443,-1
DA:444,-1
DA:445,-1
DA:446,3
DA:447,undefined
DA:448,-1
DA:449,-1
DA:450,1
DA:451,1
DA:452,1
DA:453,undefined
DA:454,-1
DA:455,-1
LH:455
LF:455
end_of_record
